"C:\Program Files (x86)\Borland\Delphi7\Bin\DCC32.EXE" CG_Prodt /UC:\xMaker5\Comp\Delphi\Fr234\Source;C:\xMaker5\Comp\Delphi;C:\xMaker5\Comp\Delphi\RxLib_D7\Units;C:\xMaker5\comp\delphi\tponguard\source
Borland Delphi Version 15.0
Copyright (c) 1983,2002 Borland Software Corporation
CG_Prodt.Dpr(1) 
CG_Prodt.Dpr(13) 
CG_Prodt.Dpr(13) 
LTab.Inc(32)     
AtrL.Inc(26) 
CG_Prodt.Dpr(80) 
CG_Prodt.Dpr(80) 
CG_Prodt.Dpr(80) 
CG_Prodt.Dpr(80) 
CG_Prodt.D
pr(80) 
CG_Prodt.Dpr(80) 
CG_Prodt.Dpr(80) 
CG_Prodt.Dpr(80) 
CG_Prodt.Dpr(80) 
CG_Prodt.Dpr(80) 
CG_Prodt.Dpr(80) 
CG_Prodt.Dpr(80) 
CG_Prodt.Dpr(80) 
CG_Prodt.Dpr(80) 
CG_Prodt.Dpr(80) 
CG_Prodt.Dpr(80) 
CG_Prodt.Dpr(80) 
CG_Prodt.Dpr(80) 
CG_Prodt.Dpr(
80) 
CG_Prodt.Dpr(80) 
CG_Prodt.Dpr(80) 
CG_Prodt.Dpr(80) 
CG_Prodt.Dpr(80) 
CG_Prodt.Dpr(80) 
CG_Prodt.Dpr(80) 
CG_Prodt.Dpr(80) 
CG_Prodt.Dpr(80) 
CG_Prodt.Dpr(80) 
CG_Prodt.Dpr(80) 
CG_Prodt.Dpr(80) 
CG_Prodt.Dpr(80) 
CG_Prodt.Dpr(80) 
CG_Prodt.Dpr(80) 
CG
_Prodt.Dpr(80) 
CG_Prodt.Dpr(80) 
CG_Prodt.Dpr(80) 
CG_Prodt.Dpr(80) 
CG_Prodt.Dpr(80) 
CG_Prodt.Dpr(80) 
CG_Prodt.Dpr(80) 
CG_Prodt.Dpr(80) 
CG_Prodt.Dpr(80) 
CG_Prodt.Dpr(80) 
CG_Prodt.Dpr(80) 
CG_Prodt.Dpr(80) 
CG_Prodt.Dpr(80) 
CG_Prodt.Dpr(80) 
CG_Prodt.Dpr(80) 
CG_Prodt.Dpr(80) 
CG_Prodt.Dpr(80) 
CG_Prodt.Dpr(80) 
CG_Prodt.Dpr(80) 
CG_Prodt.Dpr(80) 
CG_Prodt.Dpr(80) 
CG_Prodt.Dpr(80) 
CG_Prodt.Dpr(80) 
CG_Prodt.Dpr(80) 
CG_Prodt.Dpr(80) 
CG_Prodt.Dpr(80) 
CG_Prodt.Dpr(80) 
CG_Prodt.Dpr(80) 
CG
_Prodt.Dpr(80) 
CG_Prodt.Dpr(80) 
CG_Prodt.Dpr(80) 
CG_Prodt.Dpr(80) 
CG_Prodt.Dpr(80) 
CG_Prodt.Dpr(80) 
CG_Prodt.Dpr(80) 
CG_Prodt.Dpr(80) 
CG_Prodt.Dpr(80) 
CG_Prodt.Dpr(80) 
CG_Prodt.Dpr(80) 
CG_Prodt.Dpr(80) 
CG_Prodt.Dpr(80) 
CG_Prodt.Dpr(80) 
CG_Prodt.Dpr(80) 
CG_Prodt.Dpr(80) 
CG_Prodt.Dpr(80) 
CG_Prodt.Dpr(80) 
CG_Prodt.Dpr(80) 
CG_Prodt.Dpr(80) 
CG_Prodt.Dpr(80) 
CG_Prodt.Dpr(80) 
CG_Prodt.Dpr(80) 
CG_Prodt.Dpr(80) 
CG_Prodt.Dpr(80) 
CG_Prodt.Dpr(80) 
CG_Prodt.Dpr(80) 
CG_Prodt.Dpr(80) 
CG
_Prodt.Dpr(80) 
CG_Prodt.Dpr(80) 
CG_Prodt.Dpr(80) 
CG_Prodt.Dpr(80) 
CG_Prodt.Dpr(80) 
CG_Prodt.Dpr(80) 
CG_Prodt.Dpr(80) 
CG_Prodt.Dpr(80) 
CG_Prodt.Dpr(80) 
CG_Prodt.Dpr(80) 
CG_Prodt.Dpr(80) 
CG_Prodt.Dpr(80) 
CG_Prodt.Dpr(80) 
CG_Prodt.Dpr(80) 
CG_Prodt.Dpr(80) 
CG_Prodt.Dpr(80) 
CG_Prodt.Dpr(80) 
CG_Prodt.Dpr(80) 
CG_Prodt.Dpr(80) 
CG_Prodt.Dpr(80) 
CG_Prodt.Dpr(80) 
CG_Prodt.Dpr(80) 
CG_Prodt.Dpr(80) 
CG_Prodt.Dpr(80) 
CG_Prodt.Dpr(80) 
CG_Prodt.Dpr(80) 
CG_Prodt.Dpr(80) 
CG_Prodt.Dpr(80) 
CG
_Prodt.Dpr(80) 
CG_Prodt.Dpr(80) 
CG_Prodt.Dpr(80) 
CG_Prodt.Dpr(80) 
CG_Prodt.Dpr(80) 
CG_Prodt.Dpr(80) 
CG_Prodt.Dpr(80) 
CG_Prodt.Dpr(80) 
CG_Prodt.Dpr(80) 
CG_Prodt.Dpr(80) 
CG_Prodt.Dpr(80) 
CG_Prodt.Dpr(80) 
CG_Prodt.Dpr(80) 
CG_Prodt.Dpr(80) 
CG_Prodt.Dpr(80) 
CG_Prodt.Dpr(80) 
CG_Prodt.Dpr(80) 
CG_Prodt.Dpr(80) 
CG_Prodt.Dpr(80) 
CG_Prodt.Dpr(80) 
CG_Prodt.Dpr(80) 
CG_Prodt.Dpr(80) 
CG_Prodt.Dpr(80) 
CG_Prodt.Dpr(80) 
CG_Prodt.Dpr(80) 
CG_Prodt.Dpr(80) 
CG_Prodt.Dpr(80) 
CG_Prodt.Dpr(80) 
CG
_Prodt.Dpr(80) 
CG_Prodt.Dpr(80) 
CG_Prodt.Dpr(80) 
CG_Prodt.Dpr(80) 
CG_Prodt.Dpr(80) 
CG_Prodt.Dpr(80) 
CG_Prodt.Dpr(80) 
CG_Prodt.Dpr(80) 
CG_Prodt.Dpr(80) 
CG_Prodt.Dpr(80) 
CG_Prodt.Dpr(80) 
CG_Prodt.Dpr(80) 
CG_Prodt.Dpr(80) 
CG_Prodt.Dpr(80) 
CG_Prodt.Dpr(80) 
CG_Prodt.Dpr(80) 
CG_Prodt.Dpr(80) 
CG_Prodt.Dpr(80) 
CG_Prodt.Dpr(80) 
CG_Prodt.Dpr(80) 
CG_Prodt.Dpr(80) 
CG_Prodt.Dpr(80) 
CG_Prodt.Dpr(80) 
CG_Prodt.Dpr(80) 
CG_Prodt.Dpr(80) 
CG_Prodt.Dpr(80) 
CG_Prodt.Dpr(80) 
CG_Prodt.Dpr(80) 
CG
_Prodt.Dpr(80) 
Validar.Pas(1)   
Validar.Pas(42) 
Validar.Pas(42) 
Validar.Pas(42) 
Validar.Pas(42) 
Validar.Pas(42) 
Validar.Pas(42) 
Validar.Pas(42) 
Validar.Pas(42) 
Validar.Pas(43) 
Validar.Pas(43) 
Validar.Pas(43) 
Validar.Pas(43) 
Validar.Pas(43) 
Validar.Pas(43) 
Validar.Pas(43) 
Validar.Pas(43) 
Validar.Pas(43) 
Validar.Pas(43) 
Validar.Pas(43) 
Validar.Pas(43) 
Validar.Pas(43) 
Validar.Pas(45) 
Validar.Pas(512) 
Validar.Pas(540) 
CG_Prodt.Dpr(80) 
CG_Prodt.Dpr(80) 
CG_Prodt.Dpr(80) 
CG_Prodt.
Dpr(80) 
CG_Prodt.Dpr(80) 
CG_Prodt.Dpr(80) 
CG_Prodt.Dpr(80) 
CG_Prodt.Dpr(80) 
CG_Prodt.Dpr(80) 
CG_Prodt.Dpr(80) 
CG_Prodt.Dpr(80) 
CG_Prodt.Dpr(80) 
CG_Prodt.Dpr(80) 
CG_Prodt.Dpr(80) 
CG_Prodt.Dpr(80) 
CG_Prodt.Dpr(80) 
CG_Prodt.Dpr(80) 
CG_Prodt.Dpr(80) 
CG_Prodt.Dpr(80) 
CG_Prodt.Dpr(80) 
CG_Prodt.Dpr(80) 
CG_Prodt.Dpr(80) 
CG_Prodt.Dpr(80) 
CG_Prodt.Dpr(80) 
CG_Prodt.Dpr(80) 
CG_Prodt.Dpr(80) 
CG_Prodt.Dpr(80) 
CG_Prodt.Dpr(80) 
CG_Prodt.Dpr(80) 
CG_Prodt.Dpr(80) 
CG_Prodt.Dpr(80) 
CG
_Prodt.Dpr(80) 
CG_Prodt.Dpr(80) 
CG_Prodt.Dpr(80) 
CG_Prodt.Dpr(80) 
CG_Prodt.Dpr(80) 
CG_Prodt.Dpr(80) 
CG_Prodt.Dpr(80) 
CG_Prodt.Dpr(80) 
CG_Prodt.Dpr(80) 
CG_Prodt.Dpr(80) 
CG_Prodt.Dpr(80) 
CG_Prodt.Dpr(80) 
CG_Prodt.Dpr(80) 
CG_Prodt.Dpr(80) 
CG_Prodt.Dpr(80) 
CG_Prodt.Dpr(80) 
CG_Prodt.Dpr(80) 
CG_Prodt.Dpr(80) 
CG_Prodt.Dpr(80) 
CG_Prodt.Dpr(80) 
CG_Prodt.Dpr(80) 
CG_Prodt.Dpr(80) 
CG_Prodt.Dpr(80) 
CG_Prodt.Dpr(80) 
CG_Prodt.Dpr(80) 
CG_Prodt.Dpr(80) 
CG_Prodt.Dpr(80) 
CG_Prodt.Dpr(80) 
CG
_Prodt.Dpr(80) 
CG_Prodt.Dpr(80) 
CG_Prodt.Dpr(80) 
CG_Prodt.Dpr(80) 
CG_Prodt.Dpr(80) 
CG_Prodt.Dpr(80) 
CG_Prodt.Dpr(80) 
CG_Prodt.Dpr(80) 
CG_Prodt.Dpr(80) 
CG_Prodt.Dpr(80) 
CG_Prodt.Dpr(80) 
CG_Prodt.Dpr(80) 
CG_Prodt.Dpr(80) 
CG_Prodt.Dpr(80) 
CG_Prodt.Dpr(80) 
CG_Prodt.Dpr(80) 
CG_Prodt.Dpr(80) 
CG_Prodt.Dpr(80) 
CG_Prodt.Dpr(80) 
CG_Prodt.Dpr(80) 
CG_Prodt.Dpr(80) 
CG_Prodt.Dpr(80) 
CG_Prodt.Dpr(80) 
CG_Prodt.Dpr(80) 
CG_Prodt.Dpr(80) 
CG_Prodt.Dpr(80) 
CG_Prodt.Dpr(80) 
CG_Prodt.Dpr(80) 
CG
_Prodt.Dpr(80) 
CG_Prodt.Dpr(80) 
CG_Prodt.Dpr(80) 
CG_Prodt.Dpr(80) 
CG_Prodt.Dpr(80) 
CG_Prodt.Dpr(80) 
CG_Prodt.Dpr(80) 
CG_Prodt.Dpr(80) 
CG_Prodt.Dpr(80) 
CG_Prodt.Dpr(80) 
CG_Prodt.Dpr(80) 
CG_Prodt.Dpr(80) 
CG_Prodt.Dpr(80) 
CG_Prodt.Dpr(80) 
CG_Pr
odt.Dpr(80) 
CG_Prodt.Dpr(80) 
CG_Prodt.Dpr(80) 
CG_Prodt.Dpr(80) 
CG_Prodt.Dpr(80) 
CG_Prodt.Dpr(80) 
CG_Prodt.Dpr(80) 
CG_Prodt.Dpr(80) 
CG_Prodt.Dpr(80) 
CG_Prodt.Dpr(80) 
CG_Prodt.Dpr(80) 
CG_Prodt.Dpr(80) 
CG_Prodt.Dpr(80) 
C:\xMaker5\Comp\Delphi\XNu
m.pas(1) 
C:\xMaker5\Comp\Delphi\XMaker.inc(26) 
C:\xMaker5\Comp\Delphi\XNum.pas(13) 
C:\xMaker5\Comp\Delphi\XNum.pas(13) 
C:\xMaker5\Comp\Delphi\XNum.pas(13) 
C:\xMaker5\Comp\Delphi\XNum.pas(13) 
C:\xMaker5\Comp\Delphi\XNum.pas(13) 
C:\xMaker5\Comp\Del
phi\XNum.pas(13) 
C:\xMaker5\Comp\Delphi\XNum.pas(13) 
C:\xMaker5\Comp\Delphi\XNum.pas(14) 
C:\xMaker5\Comp\Delphi\XNum.pas(14) 
C:\xMaker5\Comp\Delphi\XNum.pas(14) 
C:\xMaker5\Comp\Delphi\XNum.pas(14) 
C:\xMaker5\Comp\Delphi\XNum.pas(14) 
C:\xMaker5\Comp
\Delphi\XNum.pas(16) 
C:\xMaker5\Comp\Delphi\XNum.pas(487) 
C:\xMaker5\Comp\Delphi\XNum.pas(999) 
C:\xMaker5\Comp\Delphi\XNum.pas(1146) 
CG_Prodt.Dpr(80) 
CG_Prodt.Dpr(80) 
CG_Prodt.Dpr(80) 
CG_Prodt.Dpr(80) 
CG_Prodt.Dpr(80) 
CG_Prodt.Dpr(80) 
CG_Prodt
.Dpr(80) 
CG_Prodt.Dpr(80) 
CG_Prodt.Dpr(80) 
CG_Prodt.Dpr(80) 
CG_Prodt.Dpr(80) 
CG_Prodt.Dpr(80) 
CG_Prodt.Dpr(80) 
CG_Prodt.Dpr(80) 
CG_Prodt.Dpr(80) 
CG_Prodt.Dpr(80) 
CG_Prodt.Dpr(80) 
CG_Prodt.Dpr(80) 
FaturaN.PAS(1)   
Princ.Inc(23)  
FaturaN.PAS
(14) 
FaturaN.PAS(14) 
FaturaN.PAS(14) 
FaturaN.PAS(14) 
FaturaN.PAS(14) 
FaturaN.PAS(14) 
FaturaN.PAS(14) 
FaturaN.PAS(15) 
FaturaN.PAS(15) 
FaturaN.PAS(15) 
FaturaN.PAS(15) 
FaturaN.PAS(15) 
FaturaN.PAS(15) 
FaturaN.PAS(15) 
FaturaN.PAS(15) 
FaturaN.PAS
(15) 
FaturaN.PAS(16) 
FaturaN.PAS(16) 
FaturaN.PAS(17) 
FaturaN.PAS(17) 
FaturaN.PAS(17) 
FaturaN.PAS(17) 
FaturaN.PAS(17) 
FaturaN.PAS(17) 
FaturaN.PAS(17) 
FaturaN.PAS(17) 
LTab.Pas(5)     
LTab.Pas(5) 
LTab.Pas(5) 
LTab.Pas(5) 
LTab.Pas(5) 
LTab.Pas(5
) 
LTab.Pas(5) 
LTab.Pas(5) 
LTab.Pas(5) 
LTab.Pas(6) 
LTab.Pas(6) 
LTab.Pas(6) 
LTab.Pas(6) 
LTab.Pas(6) 
LTab.Pas(6) 
LTab.Pas(6) 
LTab.Pas(6) 
LTab.Pas(7) 
LTab.Pas(7) 
LTab.Pas(7) 
LTab.Pas(7) 
LTab.Pas(7) 
LTab.Pas(7) 
LTab.Pas(7) 
LTab.Pas(7) 
LTab.
Pas(8) 
LTab.Pas(10) 
FaturaN.PAS(19) 
FaturaN.PAS(19) 
FaturaN.PAS(19) 
FaturaN.PAS(19) 
FaturaN.PAS(19) 
FaturaN.PAS(19) 
FaturaN.PAS(19) 
FaturaN.PAS(19) 
FaturaN.PAS(19) 
FaturaN.PAS(19) 
FaturaN.PAS(19) 
FaturaN.PAS(21) 
FaturaN.PAS(302) 
FaturaN.P
AS(302) 
FaturaN.PAS(302) 
FaturaN.PAS(302) 
FaturaN.PAS(302) 
FaturaN.PAS(302) 
FaturaN.PAS(302) 
RELCOMPEN.PAS(1) 
Princ.Inc(23)    
RELCOMPEN.PAS(14) 
RELCOMPEN.PAS(14) 
RELCOMPEN.PAS(14) 
RELCOMPEN.PAS(14) 
RELCOMPEN.PAS(14) 
RELCOMPEN.PAS(14) 
RELC
OMPEN.PAS(14) 
RELCOMPEN.PAS(15) 
RELCOMPEN.PAS(15) 
RELCOMPEN.PAS(15) 
RELCOMPEN.PAS(15) 
RELCOMPEN.PAS(15) 
RELCOMPEN.PAS(15) 
RELCOMPEN.PAS(15) 
RELCOMPEN.PAS(15) 
RELCOMPEN.PAS(15) 
LTab.Pas(5)       
LTab.Pas(5) 
LTab.Pas(5) 
LTab.Pas(5) 
LTab.Pas(5)
 
LTab.Pas(5) 
LTab.Pas(5) 
LTab.Pas(5) 
LTab.Pas(5) 
LTab.Pas(6) 
LTab.Pas(6) 
LTab.Pas(6) 
LTab.Pas(6) 
LTab.Pas(6) 
LTab.Pas(6) 
LTab.Pas(6) 
LTab.Pas(6) 
LTab.Pas(7) 
LTab.Pas(7) 
LTab.Pas(7) 
LTab.Pas(7) 
LTab.Pas(7) 
LTab.Pas(7) 
LTab.Pas(7) 
LTab.P
as(7) 
LTab.Pas(8) 
LTab.Pas(10) 
RELCOMPEN.PAS(17) 
RELCOMPEN.PAS(17) 
RELCOMPEN.PAS(17) 
RELCOMPEN.PAS(17) 
RELCOMPEN.PAS(17) 
RELCOMPEN.PAS(17) 
RELCOMPEN.PAS(17) 
RELCOMPEN.PAS(17) 
RELCOMPEN.PAS(17) 
RELCOMPEN.PAS(17) 
RELCOMPEN.PAS(18) 
RELCOMPEN.
PAS(18) 
RELCOMPEN.PAS(19) 
RELCOMPEN.PAS(19) 
RELCOMPEN.PAS(19) 
RELCOMPEN.PAS(19) 
RELCOMPEN.PAS(19) 
RELCOMPEN.PAS(21) 
RELCOMPEN.PAS(72) 
RELCOMPEN.PAS(72) 
RELCOMPEN.PAS(72) 
RELCOMPEN.PAS(72) 
RELCOMPEN.PAS(72) 
RELCOMPEN.PAS(74) 
RELCOMPEN.PAS(76) 
Hint: Variable 'I' is declared but never used in 'TFormRELCOMPEN.ConstroiSql'
RELCOMPEN.PAS(122) Hint: Variable 'I' is declared but never used in 'TFormRELCOMPEN.FormShow'
RELCOMPEN.PAS(277) 
FaturaN.PAS(303) 
FaturaN.PAS(303) 
FaturaN.PAS(305) 
Fat
uraN.PAS(312) Warning: Constructing instance of 'TTabela' containing abstract method 'TTabela.CriaForeignKeys'
FaturaN.PAS(312) Warning: Constructing instance of 'TTabela' containing abstract method 'TTabela.PodeExcluir'
FaturaN.PAS(312) Warning: Cons
tructing instance of 'TTabela' containing abstract method 'TTabela.ExclusaoCascata'
FaturaN.PAS(312) Warning: Constructing instance of 'TTabela' containing abstract method 'TTabela.PesquisaRelacionados'
FaturaN.PAS(312) Warning: Constructing instance 
of 'TTabela' containing abstract method 'TTabela.PesquisaRelacionados'
FaturaN.PAS(312) Warning: Constructing instance of 'TTabela' containing abstract method 'TTabela.AtribuiFiltroMestre'
FaturaN.PAS(312) Warning: Constructing instance of 'TTabela' c
ontaining abstract method 'TTabela.AtribuiRelacionamentos'
FaturaN.PAS(312) Warning: Constructing instance of 'TTabela' containing abstract method 'TTabela.AtribuiMestre'
FaturaN.PAS(312) Warning: Constructing instance of 'TTabela' containing abstract
 method 'TTabela.CalculaCampos'
FaturaN.PAS(312) Warning: Constructing instance of 'TTabela' containing abstract method 'TTabela.Parametros'
FaturaN.PAS(481) 
FaturaN.PAS(682) Warning: Variable 'Ok' might not have been initialized
FaturaN.PAS(993) 
FaturaN.PAS(1140) Hint: Value assigned to 'MenuItem' never used
FaturaN.PAS(1160) Warning: Variable 'Campo' might not have been initialized
FaturaN.PAS(1190) Warning: Variable 'Campo' might not have been initialized
FaturaN.PAS(1505) 
FaturaN.PAS(19
40) 
CG_Prodt.Dpr(80) 
CG_Prodt.Dpr(80) 
CG_Prodt.Dpr(80) 
CG_Prodt.Dpr(80) 
CG_Prodt.Dpr(80) 
CG_Prodt.Dpr(80) 
CG_Prodt.Dpr(80) 
CG_Prodt.Dpr(80) 
CG_Prodt.Dpr(80) 
CG_Prodt.Dpr(80) 
CG_Prodt.Dpr(80) 
CG_Prodt.Dpr(80) 
CG_Prodt.Dpr(80) 
CG_Prodt.Dpr(8
0) 
CG_Prodt.Dpr(80) 
CG_Prodt.Dpr(80) 
CG_Prodt.Dpr(80) 
CG_Prodt.Dpr(80) 
CG_Prodt.Dpr(80) 
CG_Prodt.Dpr(80) 
CG_Prodt.Dpr(80) 
CG_Prodt.Dpr(80) 
CG_Prodt.Dpr(80) 
CG_Prodt.Dpr(80) 
CG_Prodt.Dpr(80) 
CG_Prodt.Dpr(80) 
CG_Prodt.Dpr(80) 
CG_Prodt.Dpr(80) 
CG_Prodt.Dpr(80) 
CG_Prodt.Dpr(80) 
CG_Prodt.Dpr(80) 
CG_Prodt.Dpr(80) 
CG_Prodt.Dpr(80) 
CG_Prodt.Dpr(80) 
CG_Prodt.Dpr(80) 
CG_Prodt.Dpr(80) 
CG_Prodt.Dpr(80) 
CG_Prodt.Dpr(80) 
CG_Prodt.Dpr(80) 
CG_Prodt.Dpr(80) 
CG_Prodt.Dpr(80) 
CG_Prodt.Dpr(80) 
CG
_Prodt.Dpr(80) 
CG_Prodt.Dpr(80) 
CG_Prodt.Dpr(80) 
CG_Prodt.Dpr(80) 
CG_Prodt.Dpr(80) 
CG_Prodt.Dpr(80) 
CG_Prodt.Dpr(80) 
CG_Prodt.Dpr(80) 
CG_Prodt.Dpr(80) 
CG_Prodt.Dpr(80) 
CG_Prodt.Dpr(80) 
CG_Prodt.Dpr(80) 
CG_Prodt.Dpr(80) 
CG_Prodt.Dpr(80) 
CG_Pr
odt.Dpr(80) 
CG_Prodt.Dpr(80) 
CG_Prodt.Dpr(80) 
CG_Prodt.Dpr(80) 
CG_Prodt.Dpr(80) 
CG_Prodt.Dpr(80) 
CG_Prodt.Dpr(80) 
CG_Prodt.Dpr(80) 
CG_Prodt.Dpr(80) 
CG_Prodt.Dpr(80) 
CG_Prodt.Dpr(80) 
CG_Prodt.Dpr(80) 
CG_Prodt.Dpr(80) 
CG_Prodt.Dpr(80) 
CG_Prodt
.Dpr(80) 
CG_Prodt.Dpr(80) 
CG_Prodt.Dpr(80) 
CG_Prodt.Dpr(80) 
CG_Prodt.Dpr(80) 
CG_Prodt.Dpr(80) 
CG_Prodt.Dpr(80) 
CG_Prodt.Dpr(80) 
CG_Prodt.Dpr(80) 
CG_Prodt.Dpr(80) 
CG_Prodt.Dpr(80) 
CG_Prodt.Dpr(80) 
CG_Prodt.Dpr(80) 
CG_Prodt.Dpr(80) 
CG_Prodt.Dp
r(80) 
CG_Prodt.Dpr(80) 
CG_Prodt.Dpr(80) 
CG_Prodt.Dpr(80) 
CG_Prodt.Dpr(80) 
CG_Prodt.Dpr(80) 
CG_Prodt.Dpr(80) 
CG_Prodt.Dpr(80) 
CG_Prodt.Dpr(80) 
CG_Prodt.Dpr(80) 
CG_Prodt.Dpr(80) 
CG_Prodt.Dpr(80) 
CG_Prodt.Dpr(80) 
CG_Prodt.Dpr(80) 
CG_Prodt.Dpr(8
0) 
CG_Prodt.Dpr(80) 
CG_Prodt.Dpr(80) 
CG_Prodt.Dpr(80) 
CG_Prodt.Dpr(80) 
CG_Prodt.Dpr(80) 
CG_Prodt.Dpr(80) 
CG_Prodt.Dpr(80) 
CG_Prodt.Dpr(80) 
CG_Prodt.Dpr(80) 
CG_Prodt.Dpr(80) 
CG_Prodt.Dpr(80) 
CG_Prodt.Dpr(80) 
CG_Prodt.Dpr(80) 
CG_Prodt.Dpr(80) 
CG_Prodt.Dpr(80) 
CG_Prodt.Dpr(80) 
CG_Prodt.Dpr(80) 
CG_Prodt.Dpr(80) 
CG_Prodt.Dpr(80) 
CG_Prodt.Dpr(80) 
CG_Prodt.Dpr(83) 
CG_Prodt.Dpr(90) 
Error: File not found: 'Fatura.DFM'
